<?xml version="1.0" encoding="UTF-8"?>
<!-- Generated by org.testng.reporters.JUnitReportReporter -->
<testsuite hostname="DESKTOP-75JFQNJ" failures="0" tests="3" name="com.weborders.tests.SmokeTest" time="44.586" errors="0" timestamp="07 Apr 2020 00:03:38 GMT" skipped="0">
  <testcase classname="com.weborders.tests.SmokeTest" name="smokeTest" time="17.027"/>
  <testcase classname="com.weborders.tests.SmokeTest" name="smokeTest" time="11.348"/>
  <testcase classname="com.weborders.tests.SmokeTest" name="smokeTest" time="16.211"/>
</testsuite> <!-- com.weborders.tests.SmokeTest -->
